\BOOKMARK [0][-]{chapter*.1}{Preface}{}% 1
\BOOKMARK [0][-]{chapter*.4}{Acknowledgment}{}% 2
\BOOKMARK [0][-]{chapter*.4}{Contents}{}% 3
\BOOKMARK [0][-]{chapter*.12}{List of Figures}{}% 4
\BOOKMARK [0][-]{chapter*.14}{List of Abbreviations}{}% 5
\BOOKMARK [0][-]{chapter.1}{Introduction}{}% 6
\BOOKMARK [0][-]{chapter.2}{Process description}{}% 7
\BOOKMARK [1][-]{section.2.1}{Sugar extraction}{chapter.2}% 8
\BOOKMARK [1][-]{section.2.2}{Fermentation}{chapter.2}% 9
\BOOKMARK [1][-]{section.2.3}{Auxiliaries}{chapter.2}% 10
\BOOKMARK [0][-]{chapter.3}{Control philosophy}{}% 11
\BOOKMARK [1][-]{section.3.1}{HERMS}{chapter.3}% 12
\BOOKMARK [2][-]{subsection.3.1.1}{Open cold water tap}{section.3.1}% 13
\BOOKMARK [2][-]{subsection.3.1.2}{Fill HLT with cold water}{section.3.1}% 14
\BOOKMARK [2][-]{subsection.3.1.3}{Fill KET with cold water}{section.3.1}% 15
\BOOKMARK [2][-]{subsection.3.1.4}{Heat process water}{section.3.1}% 16
\BOOKMARK [2][-]{subsection.3.1.5}{Fill MLT from KET}{section.3.1}% 17
\BOOKMARK [2][-]{subsection.3.1.6}{Add grain}{section.3.1}% 18
\BOOKMARK [2][-]{subsection.3.1.7}{Mash}{section.3.1}% 19
\BOOKMARK [2][-]{subsection.3.1.8}{Mash out}{section.3.1}% 20
\BOOKMARK [2][-]{subsection.3.1.9}{Sparge}{section.3.1}% 21
\BOOKMARK [2][-]{subsection.3.1.10}{Boil wort}{section.3.1}% 22
\BOOKMARK [2][-]{subsection.3.1.11}{Add hops}{section.3.1}% 23
\BOOKMARK [2][-]{subsection.3.1.12}{Chill wort and fill FER}{section.3.1}% 24
\BOOKMARK [1][-]{section.3.2}{Fermentation}{chapter.3}% 25
\BOOKMARK [2][-]{subsection.3.2.1}{Cool wort}{section.3.2}% 26
\BOOKMARK [2][-]{subsection.3.2.2}{Pitch yeast}{section.3.2}% 27
\BOOKMARK [2][-]{subsection.3.2.3}{Control temperature}{section.3.2}% 28
\BOOKMARK [2][-]{subsection.3.2.4}{Add priming sugar}{section.3.2}% 29
\BOOKMARK [2][-]{subsection.3.2.5}{Bottle beer}{section.3.2}% 30
\BOOKMARK [1][-]{section.3.3}{CIP}{chapter.3}% 31
\BOOKMARK [2][-]{subsection.3.3.1}{Add CIP solution to HLT}{section.3.3}% 32
\BOOKMARK [2][-]{subsection.3.3.2}{CIP for HLT section}{section.3.3}% 33
\BOOKMARK [2][-]{subsection.3.3.3}{Fill MLT with CIP solution}{section.3.3}% 34
\BOOKMARK [2][-]{subsection.3.3.4}{CIP for MLT section}{section.3.3}% 35
\BOOKMARK [2][-]{subsection.3.3.5}{Fill KET with CIP solution from HLT}{section.3.3}% 36
\BOOKMARK [2][-]{subsection.3.3.6}{Fill KET with CIP solution from MLT}{section.3.3}% 37
\BOOKMARK [2][-]{subsection.3.3.7}{Reconfigure HX and drain piping}{section.3.3}% 38
\BOOKMARK [2][-]{subsection.3.3.8}{CIP for KET section}{section.3.3}% 39
\BOOKMARK [2][-]{subsection.3.3.9}{CIP drain}{section.3.3}% 40
\BOOKMARK [2][-]{subsection.3.3.10}{Open cold water}{section.3.3}% 41
\BOOKMARK [2][-]{subsection.3.3.11}{Fill HLT with water and restart sequence}{section.3.3}% 42
\BOOKMARK [0][-]{chapter.4}{Mechanical design}{}% 43
\BOOKMARK [1][-]{section.4.1}{Vessel and piping overview}{chapter.4}% 44
\BOOKMARK [1][-]{section.4.2}{Control valve assembly}{chapter.4}% 45
\BOOKMARK [1][-]{section.4.3}{Probes}{chapter.4}% 46
\BOOKMARK [1][-]{section.4.4}{Vessel fittings}{chapter.4}% 47
\BOOKMARK [1][-]{section.4.5}{Pumps and valves}{chapter.4}% 48
\BOOKMARK [1][-]{section.4.6}{Heat exchangers}{chapter.4}% 49
\BOOKMARK [0][-]{chapter.5}{Electrical design}{}% 50
\BOOKMARK [1][-]{section.5.1}{Overview}{chapter.5}% 51
\BOOKMARK [1][-]{section.5.2}{Microcomputer}{chapter.5}% 52
\BOOKMARK [2][-]{subsection.5.2.1}{Raspberry Pi}{section.5.2}% 53
\BOOKMARK [1][-]{section.5.3}{High voltage system}{chapter.5}% 54
\BOOKMARK [2][-]{subsection.5.3.1}{Power supply}{section.5.3}% 55
\BOOKMARK [2][-]{subsection.5.3.2}{Heating element}{section.5.3}% 56
\BOOKMARK [2][-]{subsection.5.3.3}{Relays}{section.5.3}% 57
\BOOKMARK [1][-]{section.5.4}{Low voltage system}{chapter.5}% 58
\BOOKMARK [2][-]{subsection.5.4.1}{Flow meter}{section.5.4}% 59
\BOOKMARK [2][-]{subsection.5.4.2}{Temperature probe}{section.5.4}% 60
\BOOKMARK [2][-]{subsection.5.4.3}{Level sensor}{section.5.4}% 61
\BOOKMARK [2][-]{subsection.5.4.4}{Solenoid valve}{section.5.4}% 62
\BOOKMARK [2][-]{subsection.5.4.5}{Stepper motor}{section.5.4}% 63
\BOOKMARK [1][-]{section.5.5}{Control box}{chapter.5}% 64
\BOOKMARK [0][-]{chapter.6}{Software design}{}% 65
\BOOKMARK [1][-]{section.6.1}{Operating system setup}{chapter.6}% 66
\BOOKMARK [1][-]{section.6.2}{Control system}{chapter.6}% 67
\BOOKMARK [2][-]{subsection.6.2.1}{RaspPiBrew}{section.6.2}% 68
\BOOKMARK [2][-]{subsection.6.2.2}{The repository}{section.6.2}% 69
\BOOKMARK [0][-]{chapter.7}{Process control design}{}% 70
\BOOKMARK [1][-]{section.7.1}{Controller design}{chapter.7}% 71
\BOOKMARK [0][-]{chapter.8}{Recommendations}{}% 72
\BOOKMARK [0][-]{chapter.9}{References}{}% 73
\BOOKMARK [0][-]{appendix.A}{Cost}{}% 74
