This is pdfTeX, Version 3.1415926-2.5-1.40.14 (TeX Live 2013/Debian) (format=pdflatex 2015.1.29)  2 FEB 2015 22:24
entering extended mode
 restricted \write18 enabled.
 %&-line parsing enabled.
**"Micro-brewery control strategy for the Raspberry Pi using a HERMS.tex"
(./Micro-brewery control strategy for the Raspberry Pi using a HERMS.tex
LaTeX2e <2011/06/27>
Babel <3.9h> and hyphenation patterns for 2 languages loaded.
(/usr/share/texlive/texmf-dist/tex/latex/base/report.cls
Document Class: report 2007/10/19 v1.4h Standard LaTeX document class
(/usr/share/texlive/texmf-dist/tex/latex/base/size12.clo
File: size12.clo 2007/10/19 v1.4h Standard LaTeX file (size option)
)
\c@part=\count79
\c@chapter=\count80
\c@section=\count81
\c@subsection=\count82
\c@subsubsection=\count83
\c@paragraph=\count84
\c@subparagraph=\count85
\c@figure=\count86
\c@table=\count87
\abovecaptionskip=\skip41
\belowcaptionskip=\skip42
\bibindent=\dimen102
)
(/usr/share/texlive/texmf-dist/tex/latex/base/inputenc.sty
Package: inputenc 2008/03/30 v1.1d Input encoding file
\inpenc@prehook=\toks14
\inpenc@posthook=\toks15

(/usr/share/texlive/texmf-dist/tex/latex/base/latin1.def
File: latin1.def 2008/03/30 v1.1d Input encoding file
))
(/usr/share/texlive/texmf-dist/tex/latex/amsmath/amsmath.sty
Package: amsmath 2013/01/14 v2.14 AMS math features
\@mathmargin=\skip43

For additional information on amsmath, use the `?' option.
(/usr/share/texlive/texmf-dist/tex/latex/amsmath/amstext.sty
Package: amstext 2000/06/29 v2.01

(/usr/share/texlive/texmf-dist/tex/latex/amsmath/amsgen.sty
File: amsgen.sty 1999/11/30 v2.0
\@emptytoks=\toks16
\ex@=\dimen103
))
(/usr/share/texlive/texmf-dist/tex/latex/amsmath/amsbsy.sty
Package: amsbsy 1999/11/29 v1.2d
\pmbraise@=\dimen104
)
(/usr/share/texlive/texmf-dist/tex/latex/amsmath/amsopn.sty
Package: amsopn 1999/12/14 v2.01 operator names
)
\inf@bad=\count88
LaTeX Info: Redefining \frac on input line 210.
\uproot@=\count89
\leftroot@=\count90
LaTeX Info: Redefining \overline on input line 306.
\classnum@=\count91
\DOTSCASE@=\count92
LaTeX Info: Redefining \ldots on input line 378.
LaTeX Info: Redefining \dots on input line 381.
LaTeX Info: Redefining \cdots on input line 466.
\Mathstrutbox@=\box26
\strutbox@=\box27
\big@size=\dimen105
LaTeX Font Info:    Redeclaring font encoding OML on input line 566.
LaTeX Font Info:    Redeclaring font encoding OMS on input line 567.
\macc@depth=\count93
\c@MaxMatrixCols=\count94
\dotsspace@=\muskip10
\c@parentequation=\count95
\dspbrk@lvl=\count96
\tag@help=\toks17
\row@=\count97
\column@=\count98
\maxfields@=\count99
\andhelp@=\toks18
\eqnshift@=\dimen106
\alignsep@=\dimen107
\tagshift@=\dimen108
\tagwidth@=\dimen109
\totwidth@=\dimen110
\lineht@=\dimen111
\@envbody=\toks19
\multlinegap=\skip44
\multlinetaggap=\skip45
\mathdisplay@stack=\toks20
LaTeX Info: Redefining \[ on input line 2665.
LaTeX Info: Redefining \] on input line 2666.
)
(/usr/share/texlive/texmf-dist/tex/latex/amsfonts/amsfonts.sty
Package: amsfonts 2013/01/14 v3.01 Basic AMSFonts support
\symAMSa=\mathgroup4
\symAMSb=\mathgroup5
LaTeX Font Info:    Overwriting math alphabet `\mathfrak' in version `bold'
(Font)                  U/euf/m/n --> U/euf/b/n on input line 106.
)
(/usr/share/texlive/texmf-dist/tex/latex/amsfonts/amssymb.sty
Package: amssymb 2013/01/14 v3.01 AMS font symbols
)
(/usr/share/texlive/texmf-dist/tex/latex/caption/caption.sty
Package: caption 2013/05/02 v3.3-89 Customizing captions (AR)

(/usr/share/texlive/texmf-dist/tex/latex/caption/caption3.sty
Package: caption3 2013/05/02 v1.6-88 caption3 kernel (AR)
Package caption3 Info: TeX engine: e-TeX on input line 57.

(/usr/share/texlive/texmf-dist/tex/latex/graphics/keyval.sty
Package: keyval 1999/03/16 v1.13 key=value parser (DPC)
\KV@toks@=\toks21
)
\captionmargin=\dimen112
\captionmargin@=\dimen113
\captionwidth=\dimen114
\caption@tempdima=\dimen115
\caption@indent=\dimen116
\caption@parindent=\dimen117
\caption@hangindent=\dimen118
)
\c@ContinuedFloat=\count100
)
(/usr/share/texlive/texmf-dist/tex/latex/caption/subcaption.sty
Package: subcaption 2013/02/03 v1.1-62 Sub-captions (AR)
\c@subfigure=\count101
\c@subtable=\count102
)
(/usr/share/texlive/texmf-dist/tex/latex/setspace/setspace.sty
Package: setspace 2011/12/19 v6.7a set line spacing
)
(/usr/share/texlive/texmf-dist/tex/latex/appendix/appendix.sty
Package: appendix 2009/09/02 v1.2b extra appendix facilities
\c@@pps=\count103
\c@@ppsavesec=\count104
\c@@ppsaveapp=\count105
)
(/usr/share/texlive/texmf-dist/tex/latex/preprint/fullpage.sty
Package: fullpage 1999/02/23 1.1 (PWD)
\FP@margin=\skip46
)
(/usr/share/texlive/texmf-dist/tex/latex/tocbibind/tocbibind.sty
Package: tocbibind 2010/10/13 v1.5k extra ToC listings
Package tocbibind Info: The document has chapter divisions on input line 50.


Package tocbibind Note: Using chapter style headings, unless overridden.

) (/usr/share/texlive/texmf-dist/tex/latex/natbib/natbib.sty
Package: natbib 2010/09/13 8.31b (PWD, AO)
\bibhang=\skip47
\bibsep=\skip48
LaTeX Info: Redefining \cite on input line 694.
\c@NAT@ctr=\count106
)
(/usr/share/texlive/texmf-dist/tex/latex/float/float.sty
Package: float 2001/11/08 v1.3d Float enhancements (AL)
\c@float@type=\count107
\float@exts=\toks22
\float@box=\box28
\@float@everytoks=\toks23
\@floatcapt=\box29
)
(/usr/share/texlive/texmf-dist/tex/latex/siunitx/siunitx.sty
(/usr/share/texlive/texmf-dist/tex/latex/l3kernel/expl3.sty
(/usr/share/texlive/texmf-dist/tex/latex/l3kernel/l3names.sty
(/usr/share/texlive/texmf-dist/tex/latex/l3kernel/l3bootstrap.sty
Package: l3bootstrap 2014/01/04 v4640 L3 Experimental bootstrap code
)
Package: l3names 2014/01/04 v4640 L3 Namespace for primitives
)
(/usr/share/texlive/texmf-dist/tex/latex/etex-pkg/etex.sty
Package: etex 1998/03/26 v2.0 eTeX basic definition package (PEB)
\et@xins=\count108
)
Package: expl3 2014/01/07 v4646 L3 Experimental code bundle wrapper

(/usr/share/texlive/texmf-dist/tex/latex/l3kernel/l3basics.sty
Package: l3basics 2014/01/04 v4642 L3 Basic definitions
)
(/usr/share/texlive/texmf-dist/tex/latex/l3kernel/l3expan.sty
Package: l3expan 2014/01/04 v4642 L3 Argument expansion
)
(/usr/share/texlive/texmf-dist/tex/latex/l3kernel/l3tl.sty
Package: l3tl 2013/12/27 v4625 L3 Token lists
)
(/usr/share/texlive/texmf-dist/tex/latex/l3kernel/l3seq.sty
Package: l3seq 2013/12/14 v4623 L3 Sequences and stacks
)
(/usr/share/texlive/texmf-dist/tex/latex/l3kernel/l3int.sty
Package: l3int 2013/08/02 v4583 L3 Integers
\c_max_int=\count109
\l_tmpa_int=\count110
\l_tmpb_int=\count111
\g_tmpa_int=\count112
\g_tmpb_int=\count113
)
(/usr/share/texlive/texmf-dist/tex/latex/l3kernel/l3quark.sty
Package: l3quark 2013/12/14 v4623 L3 Quarks
)
(/usr/share/texlive/texmf-dist/tex/latex/l3kernel/l3prg.sty
Package: l3prg 2014/01/04 v4642 L3 Control structures
\g__prg_map_int=\count114
)
(/usr/share/texlive/texmf-dist/tex/latex/l3kernel/l3clist.sty
Package: l3clist 2013/07/28 v4581 L3 Comma separated lists
)
(/usr/share/texlive/texmf-dist/tex/latex/l3kernel/l3token.sty
Package: l3token 2013/08/25 v4587 L3 Experimental token manipulation
)
(/usr/share/texlive/texmf-dist/tex/latex/l3kernel/l3prop.sty
Package: l3prop 2013/12/14 v4623 L3 Property lists
)
(/usr/share/texlive/texmf-dist/tex/latex/l3kernel/l3msg.sty
Package: l3msg 2013/07/28 v4581 L3 Messages
)
(/usr/share/texlive/texmf-dist/tex/latex/l3kernel/l3file.sty
Package: l3file 2013/10/13 v4596 L3 File and I/O operations
\l_iow_line_count_int=\count115
\l__iow_target_count_int=\count116
\l__iow_current_line_int=\count117
\l__iow_current_word_int=\count118
\l__iow_current_indentation_int=\count119
)
(/usr/share/texlive/texmf-dist/tex/latex/l3kernel/l3skip.sty
Package: l3skip 2013/07/28 v4581 L3 Dimensions and skips
\c_zero_dim=\dimen119
\c_max_dim=\dimen120
\l_tmpa_dim=\dimen121
\l_tmpb_dim=\dimen122
\g_tmpa_dim=\dimen123
\g_tmpb_dim=\dimen124
\c_zero_skip=\skip49
\c_max_skip=\skip50
\l_tmpa_skip=\skip51
\l_tmpb_skip=\skip52
\g_tmpa_skip=\skip53
\g_tmpb_skip=\skip54
\c_zero_muskip=\muskip11
\c_max_muskip=\muskip12
\l_tmpa_muskip=\muskip13
\l_tmpb_muskip=\muskip14
\g_tmpa_muskip=\muskip15
\g_tmpb_muskip=\muskip16
)
(/usr/share/texlive/texmf-dist/tex/latex/l3kernel/l3keys.sty
Package: l3keys 2013/12/08 v4614 L3 Experimental key-value interfaces
\g__keyval_level_int=\count120
\l_keys_choice_int=\count121
)
(/usr/share/texlive/texmf-dist/tex/latex/l3kernel/l3fp.sty
Package: l3fp 2014/01/04 v4642 L3 Floating points
\c__fp_leading_shift_int=\count122
\c__fp_middle_shift_int=\count123
\c__fp_trailing_shift_int=\count124
\c__fp_big_leading_shift_int=\count125
\c__fp_big_middle_shift_int=\count126
\c__fp_big_trailing_shift_int=\count127
\c__fp_Bigg_leading_shift_int=\count128
\c__fp_Bigg_middle_shift_int=\count129
\c__fp_Bigg_trailing_shift_int=\count130
)
(/usr/share/texlive/texmf-dist/tex/latex/l3kernel/l3box.sty
Package: l3box 2013/07/28 v4581 L3 Experimental boxes
\c_empty_box=\box30
\l_tmpa_box=\box31
\l_tmpb_box=\box32
\g_tmpa_box=\box33
\g_tmpb_box=\box34
)
(/usr/share/texlive/texmf-dist/tex/latex/l3kernel/l3coffins.sty
Package: l3coffins 2013/12/14 v4624 L3 Coffin code layer
\l__coffin_internal_box=\box35
\l__coffin_internal_dim=\dimen125
\l__coffin_offset_x_dim=\dimen126
\l__coffin_offset_y_dim=\dimen127
\l__coffin_x_dim=\dimen128
\l__coffin_y_dim=\dimen129
\l__coffin_x_prime_dim=\dimen130
\l__coffin_y_prime_dim=\dimen131
\c_empty_coffin=\box36
\l__coffin_aligned_coffin=\box37
\l__coffin_aligned_internal_coffin=\box38
\l_tmpa_coffin=\box39
\l_tmpb_coffin=\box40
\l__coffin_display_coffin=\box41
\l__coffin_display_coord_coffin=\box42
\l__coffin_display_pole_coffin=\box43
\l__coffin_display_offset_dim=\dimen132
\l__coffin_display_x_dim=\dimen133
\l__coffin_display_y_dim=\dimen134
)
(/usr/share/texlive/texmf-dist/tex/latex/l3kernel/l3color.sty
Package: l3color 2012/08/29 v4156 L3 Experimental color support
)
(/usr/share/texlive/texmf-dist/tex/latex/l3kernel/l3luatex.sty
Package: l3luatex 2013/07/28 v4581 L3 Experimental LuaTeX-specific functions
\g__cctab_allocate_int=\count131
\g__cctab_stack_int=\count132
)
(/usr/share/texlive/texmf-dist/tex/latex/l3kernel/l3candidates.sty
Package: l3candidates 2014/01/06 v4643 L3 Experimental additions to l3kernel
\l__box_top_dim=\dimen135
\l__box_bottom_dim=\dimen136
\l__box_left_dim=\dimen137
\l__box_right_dim=\dimen138
\l__box_top_new_dim=\dimen139
\l__box_bottom_new_dim=\dimen140
\l__box_left_new_dim=\dimen141
\l__box_right_new_dim=\dimen142
\l__box_internal_box=\box44
\l__coffin_bounding_shift_dim=\dimen143
\l__coffin_left_corner_dim=\dimen144
\l__coffin_right_corner_dim=\dimen145
\l__coffin_bottom_corner_dim=\dimen146
\l__coffin_top_corner_dim=\dimen147
\l__coffin_scaled_total_height_dim=\dimen148
\l__coffin_scaled_width_dim=\dimen149
)
(/usr/share/texlive/texmf-dist/tex/generic/oberdiek/ifpdf.sty
Package: ifpdf 2011/01/30 v2.3 Provides the ifpdf switch (HO)
Package ifpdf Info: pdfTeX in PDF mode is detected.
))
(/usr/share/texlive/texmf-dist/tex/latex/l3packages/xparse/xparse.sty
Package: xparse 2013/12/31 v4634 L3 Experimental document command parser
\l__xparse_current_arg_int=\count133
\l__xparse_m_args_int=\count134
\l__xparse_mandatory_args_int=\count135
\l__xparse_processor_int=\count136
\l__xparse_v_nesting_int=\count137
)
Package: siunitx 2013/07/31 v2.5s A comprehensive (SI) units package

(/usr/share/texlive/texmf-dist/tex/latex/tools/array.sty
Package: array 2008/09/09 v2.4c Tabular extension package (FMi)
\col@sep=\dimen150
\extrarowheight=\dimen151
\NC@list=\toks24
\extratabsurround=\skip55
\backup@length=\skip56
)
(/usr/share/texlive/texmf-dist/tex/latex/l3packages/l3keys2e/l3keys2e.sty
Package: l3keys2e 2013/12/31 v4634 LaTeX2e option processing using LaTeX3 keys
)
Variant \tl_if_blank:VTF already defined; not changing it on line 50
\l__siunitx_tmp_box=\box45
\l__siunitx_tmp_dim=\dimen152
\l__siunitx_tmp_int=\count138
Variant \prop_get:NVNT already defined; not changing it on line 371
Variant \prop_get:NVNF already defined; not changing it on line 372
Variant \prop_get:NVNTF already defined; not changing it on line 373
\l__siunitx_number_mantissa_length_int=\count139
\l__siunitx_number_uncert_length_int=\count140
\l__siunitx_round_int=\count141
\l__siunitx_process_decimal_int=\count142
\l__siunitx_process_uncertainty_int=\count143
\l__siunitx_process_fixed_int=\count144
\l__siunitx_process_integer_min_int=\count145
\l__siunitx_process_precision_int=\count146
\l__siunitx_group_min_int=\count147
\l__siunitx_angle_marker_box=\box46
\l__siunitx_angle_unit_box=\box47
\l__siunitx_angle_marker_dim=\dimen153
\l__siunitx_angle_unit_dim=\dimen154
\l__siunitx_unit_int=\count148
\l__siunitx_unit_denominator_int=\count149
\l__siunitx_unit_numerator_int=\count150
\l__siunitx_unit_prefix_int=\count151
\l__siunitx_unit_prefix_base_int=\count152
\l__siunitx_unit_prefix_gram_int=\count153
\l__siunitx_number_product_int=\count154
\c__siunitx_one_fill_skip=\skip57
\l__siunitx_table_unit_align_skip=\skip58
\l__siunitx_table_exponent_dim=\dimen155
\l__siunitx_table_integer_dim=\dimen156
\l__siunitx_table_mantissa_dim=\dimen157
\l__siunitx_table_marker_dim=\dimen158
\l__siunitx_table_result_dim=\dimen159
\l__siunitx_table_uncert_dim=\dimen160
\l__siunitx_table_fill_pre_dim=\dimen161
\l__siunitx_table_fill_post_dim=\dimen162
\l__siunitx_table_fill_mid_dim=\dimen163
\l__siunitx_table_pre_box=\box48
\l__siunitx_table_post_box=\box49
\l__siunitx_table_mantissa_box=\box50
\l__siunitx_table_result_box=\box51
\l__siunitx_table_number_align_skip=\skip59
\l__siunitx_table_text_align_skip=\skip60
.................................................
. LaTeX info: "xparse/define-command"
. 
. Defining document command \DeclareBinaryPrefix with arg. spec. 'mmm' on line
. 7101.
.................................................
.................................................
. LaTeX info: "xparse/define-command"
. 
. Defining document command \DeclareSIPostPower with arg. spec. 'mm' on line
. 7104.
.................................................
.................................................
. LaTeX info: "xparse/define-command"
. 
. Defining document command \DeclareSIPrefix with arg. spec. 'mmm' on line
. 7107.
.................................................
.................................................
. LaTeX info: "xparse/define-command"
. 
. Defining document command \DeclareSIPrePower with arg. spec. 'mm' on line
. 7110.
.................................................
.................................................
. LaTeX info: "xparse/define-command"
. 
. Defining document command \DeclareSIQualifier with arg. spec. 'mm' on line
. 7113.
.................................................
.................................................
. LaTeX info: "xparse/define-command"
. 
. Defining document command \DeclareSIUnit with arg. spec. 'O{}mm' on line
. 7116.
.................................................
.................................................
. LaTeX info: "xparse/define-command"
. 
. Defining document command \DeclareSIUnitWithOptions with arg. spec. 'mmm' on
. line 7119.
.................................................
.................................................
. LaTeX info: "xparse/define-command"
. 
. Defining document command \ang with arg. spec. 'o>{\SplitArgument {2}{;}}m'
. on line 7134.
.................................................
.................................................
. LaTeX info: "xparse/define-command"
. 
. Defining document command \num with arg. spec. 'om' on line 7142.
.................................................
.................................................
. LaTeX info: "xparse/define-command"
. 
. Defining document command \numlist with arg. spec. 'o>{\SplitList {;}}m' on
. line 7150.
.................................................
.................................................
. LaTeX info: "xparse/define-command"
. 
. Defining document command \numrange with arg. spec. 'omm' on line 7158.
.................................................
.................................................
. LaTeX info: "xparse/define-command"
. 
. Defining document command \SIlist with arg. spec. 'o>{\SplitList {;}}mm' on
. line 7169.
.................................................
.................................................
. LaTeX info: "xparse/define-command"
. 
. Defining document command \SIrange with arg. spec. 'ommm' on line 7180.
.................................................
.................................................
. LaTeX info: "xparse/define-command"
. 
. Defining document command \SI with arg. spec. 'omom' on line 7191.
.................................................
.................................................
. LaTeX info: "xparse/define-command"
. 
. Defining document command \sisetup with arg. spec. 'm' on line 7194.
.................................................
.................................................
. LaTeX info: "xparse/define-command"
. 
. Defining document command \tablenum with arg. spec. 'om' on line 7206.
.................................................
.................................................
. LaTeX info: "xparse/define-command"
. 
. Defining document command \si with arg. spec. 'om' on line 7217.
.................................................
.................................................
. LaTeX info: "xparse/define-command"
. 
. Defining document command \__siunitx_bookmark_num:w with arg. spec. 'om' on
. line 7262.
.................................................
.................................................
. LaTeX info: "xparse/define-command"
. 
. Defining document command \__siunitx_bookmark_numrange:w with arg. spec.
. 'omm' on line 7264.
.................................................
.................................................
. LaTeX info: "xparse/define-command"
. 
. Defining document command \__siunitx_bookmark_SI:w with arg. spec. 'omom' on
. line 7266.
.................................................
.................................................
. LaTeX info: "xparse/define-command"
. 
. Defining document command \__siunitx_bookmark_SIlist:w with arg. spec. 'omm'
. on line 7268.
.................................................
.................................................
. LaTeX info: "xparse/define-command"
. 
. Defining document command \__siunitx_bookmark_SIrange:w with arg. spec.
. 'ommm' on line 7270.
.................................................
.................................................
. LaTeX info: "xparse/define-command"
. 
. Defining document command \__siunitx_bookmark_si:w with arg. spec. 'om' on
. line 7271.
.................................................
\g__file_internal_ior=\read1

(/usr/share/texmf/tex/latex/beamer/base/translator/translator.sty
Package: translator 2010/06/12 ver 1.10

(/usr/share/texmf/tex/latex/beamer/base/translator/translator-language-mappings
.tex))) (/usr/share/texlive/texmf-dist/tex/latex/booktabs/booktabs.sty
Package: booktabs 2005/04/14 v1.61803 publication quality tables
\heavyrulewidth=\dimen164
\lightrulewidth=\dimen165
\cmidrulewidth=\dimen166
\belowrulesep=\dimen167
\belowbottomsep=\dimen168
\aboverulesep=\dimen169
\abovetopsep=\dimen170
\cmidrulesep=\dimen171
\cmidrulekern=\dimen172
\defaultaddspace=\dimen173
\@cmidla=\count155
\@cmidlb=\count156
\@aboverulesep=\dimen174
\@belowrulesep=\dimen175
\@thisruleclass=\count157
\@lastruleclass=\count158
\@thisrulewidth=\dimen176
)
(/usr/share/texlive/texmf-dist/tex/latex/pbox/pbox.sty
Package: pbox 2011/12/07 v1.2 Dynamic parboxes

(/usr/share/texlive/texmf-dist/tex/latex/tools/calc.sty
Package: calc 2007/08/22 v4.3 Infix arithmetic (KKT,FJ)
\calc@Acount=\count159
\calc@Bcount=\count160
\calc@Adimen=\dimen177
\calc@Bdimen=\dimen178
\calc@Askip=\skip61
\calc@Bskip=\skip62
LaTeX Info: Redefining \setlength on input line 76.
LaTeX Info: Redefining \addtolength on input line 77.
\calc@Ccount=\count161
\calc@Cskip=\skip63
)
(/usr/share/texlive/texmf-dist/tex/latex/base/ifthen.sty
Package: ifthen 2001/05/26 v1.1c Standard LaTeX ifthen package (DPC)
)
\pb@xlen=\skip64
)
(/usr/share/texlive/texmf-dist/tex/latex/url/url.sty
\Urlmuskip=\muskip17
Package: url 2013/09/16  ver 3.4  Verb mode for urls, etc.
)
(/usr/share/texlive/texmf-dist/tex/latex/graphics/graphicx.sty
Package: graphicx 1999/02/16 v1.0f Enhanced LaTeX Graphics (DPC,SPQR)

(/usr/share/texlive/texmf-dist/tex/latex/graphics/graphics.sty
Package: graphics 2009/02/05 v1.0o Standard LaTeX Graphics (DPC,SPQR)

(/usr/share/texlive/texmf-dist/tex/latex/graphics/trig.sty
Package: trig 1999/03/16 v1.09 sin cos tan (DPC)
)
(/usr/share/texlive/texmf-dist/tex/latex/latexconfig/graphics.cfg
File: graphics.cfg 2010/04/23 v1.9 graphics configuration of TeX Live
)
Package graphics Info: Driver file: pdftex.def on input line 91.

(/usr/share/texlive/texmf-dist/tex/latex/pdftex-def/pdftex.def
File: pdftex.def 2011/05/27 v0.06d Graphics/color for pdfTeX

(/usr/share/texlive/texmf-dist/tex/generic/oberdiek/infwarerr.sty
Package: infwarerr 2010/04/08 v1.3 Providing info/warning/error messages (HO)
)
(/usr/share/texlive/texmf-dist/tex/generic/oberdiek/ltxcmds.sty
Package: ltxcmds 2011/11/09 v1.22 LaTeX kernel commands for general use (HO)
)
\Gread@gobject=\count162
))
\Gin@req@height=\dimen179
\Gin@req@width=\dimen180
)
(/usr/share/texlive/texmf-dist/tex/latex/oberdiek/grffile.sty
Package: grffile 2012/04/05 v1.16 Extended file name support for graphics (HO)

(/usr/share/texlive/texmf-dist/tex/generic/ifxetex/ifxetex.sty
Package: ifxetex 2010/09/12 v0.6 Provides ifxetex conditional
)
(/usr/share/texlive/texmf-dist/tex/latex/oberdiek/kvoptions.sty
Package: kvoptions 2011/06/30 v3.11 Key value format for package options (HO)

(/usr/share/texlive/texmf-dist/tex/generic/oberdiek/kvsetkeys.sty
Package: kvsetkeys 2012/04/25 v1.16 Key value parser (HO)

(/usr/share/texlive/texmf-dist/tex/generic/oberdiek/etexcmds.sty
Package: etexcmds 2011/02/16 v1.5 Avoid name clashes with e-TeX commands (HO)

(/usr/share/texlive/texmf-dist/tex/generic/oberdiek/ifluatex.sty
Package: ifluatex 2010/03/01 v1.3 Provides the ifluatex switch (HO)
Package ifluatex Info: LuaTeX not detected.
)
Package etexcmds Info: Could not find \expanded.
(etexcmds)             That can mean that you are not using pdfTeX 1.50 or
(etexcmds)             that some package has redefined \expanded.
(etexcmds)             In the latter case, load this package earlier.
)))
(/usr/share/texlive/texmf-dist/tex/generic/oberdiek/pdftexcmds.sty
Package: pdftexcmds 2011/11/29 v0.20 Utility functions of pdfTeX for LuaTeX (HO
)
Package pdftexcmds Info: LuaTeX not detected.
Package pdftexcmds Info: \pdf@primitive is available.
Package pdftexcmds Info: \pdf@ifprimitive is available.
Package pdftexcmds Info: \pdfdraftmode found.
)
Package grffile Info: Option `multidot' is set to `true'.
Package grffile Info: Option `extendedchars' is set to `false'.
Package grffile Info: Option `space' is set to `true'.
Package grffile Info: \Gin@ii of package `graphicx' fixed on input line 486.
)
(/usr/share/texlive/texmf-dist/tex/latex/hyperref/hyperref.sty
Package: hyperref 2012/11/06 v6.83m Hypertext links for LaTeX

(/usr/share/texlive/texmf-dist/tex/generic/oberdiek/hobsub-hyperref.sty
Package: hobsub-hyperref 2012/05/28 v1.13 Bundle oberdiek, subset hyperref (HO)


(/usr/share/texlive/texmf-dist/tex/generic/oberdiek/hobsub-generic.sty
Package: hobsub-generic 2012/05/28 v1.13 Bundle oberdiek, subset generic (HO)
Package: hobsub 2012/05/28 v1.13 Construct package bundles (HO)
Package hobsub Info: Skipping package `infwarerr' (already loaded).
Package hobsub Info: Skipping package `ltxcmds' (already loaded).
Package hobsub Info: Skipping package `ifluatex' (already loaded).
Package: ifvtex 2010/03/01 v1.5 Detect VTeX and its facilities (HO)
Package ifvtex Info: VTeX not detected.
Package: intcalc 2007/09/27 v1.1 Expandable calculations with integers (HO)
Package hobsub Info: Skipping package `ifpdf' (already loaded).
Package hobsub Info: Skipping package `etexcmds' (already loaded).
Package hobsub Info: Skipping package `kvsetkeys' (already loaded).
Package: kvdefinekeys 2011/04/07 v1.3 Define keys (HO)
Package hobsub Info: Skipping package `pdftexcmds' (already loaded).
Package: pdfescape 2011/11/25 v1.13 Implements pdfTeX's escape features (HO)
Package: bigintcalc 2012/04/08 v1.3 Expandable calculations on big integers (HO
)
Package: bitset 2011/01/30 v1.1 Handle bit-vector datatype (HO)
Package: uniquecounter 2011/01/30 v1.2 Provide unlimited unique counter (HO)
)
Package hobsub Info: Skipping package `hobsub' (already loaded).
Package: letltxmacro 2010/09/02 v1.4 Let assignment for LaTeX macros (HO)
Package: hopatch 2012/05/28 v1.2 Wrapper for package hooks (HO)
Package: xcolor-patch 2011/01/30 xcolor patch
Package: atveryend 2011/06/30 v1.8 Hooks at the very end of document (HO)
Package atveryend Info: \enddocument detected (standard20110627).
Package: atbegshi 2011/10/05 v1.16 At begin shipout hook (HO)
Package: refcount 2011/10/16 v3.4 Data extraction from label references (HO)
Package: hycolor 2011/01/30 v1.7 Color options for hyperref/bookmark (HO)
)
(/usr/share/texlive/texmf-dist/tex/latex/oberdiek/auxhook.sty
Package: auxhook 2011/03/04 v1.3 Hooks for auxiliary files (HO)
)
\@linkdim=\dimen181
\Hy@linkcounter=\count163
\Hy@pagecounter=\count164

(/usr/share/texlive/texmf-dist/tex/latex/hyperref/pd1enc.def
File: pd1enc.def 2012/11/06 v6.83m Hyperref: PDFDocEncoding definition (HO)
)
\Hy@SavedSpaceFactor=\count165

(/usr/share/texlive/texmf-dist/tex/latex/latexconfig/hyperref.cfg
File: hyperref.cfg 2002/06/06 v1.2 hyperref configuration of TeXLive
)
Package hyperref Info: Hyper figures OFF on input line 4443.
Package hyperref Info: Link nesting OFF on input line 4448.
Package hyperref Info: Hyper index ON on input line 4451.
Package hyperref Info: Plain pages OFF on input line 4458.
Package hyperref Info: Backreferencing OFF on input line 4463.
Package hyperref Info: Implicit mode ON; LaTeX internals redefined.
Package hyperref Info: Bookmarks ON on input line 4688.
\c@Hy@tempcnt=\count166
LaTeX Info: Redefining \url on input line 5041.
\XeTeXLinkMargin=\dimen182
\Fld@menulength=\count167
\Field@Width=\dimen183
\Fld@charsize=\dimen184
Package hyperref Info: Hyper figures OFF on input line 6295.
Package hyperref Info: Link nesting OFF on input line 6300.
Package hyperref Info: Hyper index ON on input line 6303.
Package hyperref Info: backreferencing OFF on input line 6310.
Package hyperref Info: Link coloring OFF on input line 6315.
Package hyperref Info: Link coloring with OCG OFF on input line 6320.
Package hyperref Info: PDF/A mode OFF on input line 6325.
LaTeX Info: Redefining \ref on input line 6365.
LaTeX Info: Redefining \pageref on input line 6369.
\Hy@abspage=\count168
\c@Item=\count169
\c@Hfootnote=\count170
)

Package hyperref Message: Driver (autodetected): hpdftex.

(/usr/share/texlive/texmf-dist/tex/latex/hyperref/hpdftex.def
File: hpdftex.def 2012/11/06 v6.83m Hyperref driver for pdfTeX
\Fld@listcount=\count171
\c@bookmark@seq@number=\count172

(/usr/share/texlive/texmf-dist/tex/latex/oberdiek/rerunfilecheck.sty
Package: rerunfilecheck 2011/04/15 v1.7 Rerun checks for auxiliary files (HO)
Package uniquecounter Info: New unique counter `rerunfilecheck' on input line 2
82.
)
\Hy@SectionHShift=\skip65
)
(/usr/share/texlive/texmf-dist/tex/latex/acronym/acronym.sty
Package: acronym 2012/10/29 v1.38 Support for acronyms (Tobias Oetiker)

(/usr/share/texlive/texmf-dist/tex/latex/bigfoot/suffix.sty
Package: suffix 2006/07/15 1.5 Variant command support
)
(/usr/share/texlive/texmf-dist/tex/generic/xstring/xstring.sty
(/usr/share/texlive/texmf-dist/tex/generic/xstring/xstring.tex
\@xs@message=\write3
\integerpart=\count173
\decimalpart=\count174
)
Package: xstring 2013/10/13  v1.7c  String manipulations (C Tellechea)
)
\AC@clearlist=\toks25
)

LaTeX Warning: Unused global option(s):
    [parskip=full].

(./Micro-brewery control strategy for the Raspberry Pi using a HERMS.aux)
\openout1 = `"Micro-brewery control strategy for the Raspberry Pi using a HERMS
.aux"'.

LaTeX Font Info:    Checking defaults for OML/cmm/m/it on input line 37.
LaTeX Font Info:    ... okay on input line 37.
LaTeX Font Info:    Checking defaults for T1/cmr/m/n on input line 37.
LaTeX Font Info:    ... okay on input line 37.
LaTeX Font Info:    Checking defaults for OT1/cmr/m/n on input line 37.
LaTeX Font Info:    ... okay on input line 37.
LaTeX Font Info:    Checking defaults for OMS/cmsy/m/n on input line 37.
LaTeX Font Info:    ... okay on input line 37.
LaTeX Font Info:    Checking defaults for OMX/cmex/m/n on input line 37.
LaTeX Font Info:    ... okay on input line 37.
LaTeX Font Info:    Checking defaults for U/cmr/m/n on input line 37.
LaTeX Font Info:    ... okay on input line 37.
LaTeX Font Info:    Checking defaults for PD1/pdf/m/n on input line 37.
LaTeX Font Info:    ... okay on input line 37.
Package caption Info: Begin \AtBeginDocument code.
Package caption Info: float package is loaded.
Package caption Info: hyperref package is loaded.
Package caption Info: End \AtBeginDocument code.

(/usr/share/texmf/tex/latex/beamer/base/translator/dicts/translator-basic-dicti
onary/translator-basic-dictionary-English.dict
Dictionary: translator-basic-dictionary, Language: English 
)
(/usr/share/texlive/texmf-dist/tex/latex/siunitx/config/siunitx-abbreviations.c
fg
File: siunitx-abbreviations.cfg 2013/07/31 v2.5s siunitx: Abbreviated units
) (/usr/share/texlive/texmf-dist/tex/context/base/supp-pdf.mkii
[Loading MPS to PDF converter (version 2006.09.02).]
\scratchcounter=\count175
\scratchdimen=\dimen185
\scratchbox=\box52
\nofMPsegments=\count176
\nofMParguments=\count177
\everyMPshowfont=\toks26
\MPscratchCnt=\count178
\MPscratchDim=\dimen186
\MPnumerator=\count179
\makeMPintoPDFobject=\count180
\everyMPtoPDFconversion=\toks27
) (/usr/share/texlive/texmf-dist/tex/latex/oberdiek/epstopdf-base.sty
Package: epstopdf-base 2010/02/09 v2.5 Base part for package epstopdf

(/usr/share/texlive/texmf-dist/tex/latex/oberdiek/grfext.sty
Package: grfext 2010/08/19 v1.1 Manage graphics extensions (HO)
)
Package grfext Info: Graphics extension search list:
(grfext)             [.png,.pdf,.jpg,.mps,.jpeg,.jbig2,.jb2,.PNG,.PDF,.JPG,.JPE
G,.JBIG2,.JB2,.eps]
(grfext)             \AppendGraphicsExtensions on input line 452.

(/usr/share/texlive/texmf-dist/tex/latex/latexconfig/epstopdf-sys.cfg
File: epstopdf-sys.cfg 2010/07/13 v1.3 Configuration of (r)epstopdf for TeX Liv
e
))
\AtBeginShipoutBox=\box53
Package hyperref Info: Link coloring OFF on input line 37.

(/usr/share/texlive/texmf-dist/tex/latex/hyperref/nameref.sty
Package: nameref 2012/10/27 v2.43 Cross-referencing by name of section

(/usr/share/texlive/texmf-dist/tex/generic/oberdiek/gettitlestring.sty
Package: gettitlestring 2010/12/03 v1.4 Cleanup title references (HO)
)
\c@section@level=\count181
)
LaTeX Info: Redefining \ref on input line 37.
LaTeX Info: Redefining \pageref on input line 37.
LaTeX Info: Redefining \nameref on input line 37.

(./Micro-brewery control strategy for the Raspberry Pi using a HERMS.out)
(./Micro-brewery control strategy for the Raspberry Pi using a HERMS.out)
\@outlinefile=\write4
\openout4 = `"Micro-brewery control strategy for the Raspberry Pi using a HERMS
.out"'.

\c__siunitx_mathsf_int=\count182
LaTeX Font Info:    Try loading font information for U+msa on input line 37.

(/usr/share/texlive/texmf-dist/tex/latex/amsfonts/umsa.fd
File: umsa.fd 2013/01/14 v3.01 AMS symbols A
)
LaTeX Font Info:    Try loading font information for U+msb on input line 37.

(/usr/share/texlive/texmf-dist/tex/latex/amsfonts/umsb.fd
File: umsb.fd 2013/01/14 v3.01 AMS symbols B
)
\c__siunitx_mathtt_int=\count183

<./logo_process_700.png, id=296, 168.63pt x 40.2303pt>
File: ./logo_process_700.png Graphic file (type png)

<use ./logo_process_700.png>
Package pdftex.def Info: ./logo_process_700.png used on input line 48.
(pdftex.def)             Requested size: 317.07614pt x 75.64708pt.
 [1

{/var/lib/texmf/fonts/map/pdftex/updmap/pdftex.map} <./logo_process_700.png>] [
2

]
Package acronym Info: Label `acro:HERMS' newly defined as it shall be overridde
n
although it is yet undefined on input line 77.
Package acronym Info: Label `acro:PID' newly defined as it shall be overridden
although it is yet undefined on input line 81.
 [1


] [2

]
(./Micro-brewery control strategy for the Raspberry Pi using a HERMS.toc
Package acronym Info: Label `acro:HLT' newly defined as it shall be overridden
although it is yet undefined on input line 14.
Package acronym Info: Label `acro:KET' newly defined as it shall be overridden
although it is yet undefined on input line 15.
Package acronym Info: Label `acro:MLT' newly defined as it shall be overridden
although it is yet undefined on input line 17.
Package acronym Info: Label `acro:FER' newly defined as it shall be overridden
although it is yet undefined on input line 24.
Package acronym Info: Label `acro:CIP' newly defined as it shall be overridden
although it is yet undefined on input line 31.

[3

]
Package acronym Info: Label `acro:HX' newly defined as it shall be overridden
although it is yet undefined on input line 38.
 [4])
\tf@toc=\write5
\openout5 = `"Micro-brewery control strategy for the Raspberry Pi using a HERMS
.toc"'.

 [5]
(./Micro-brewery control strategy for the Raspberry Pi using a HERMS.lof
Package acronym Info: Label `acro:PaID' newly defined as it shall be overridden

although it is yet undefined on input line 3.

[6

])
\tf@lof=\write6
\openout6 = `"Micro-brewery control strategy for the Raspberry Pi using a HERMS
.lof"'.

 [7] [8

]pdfTeX warning (ext4): destination with the same identifier (name{page.1}) has
 been already used, duplicate ignored
<to be read again> 
                   \relax 
l.145 \chapter
              {Introduction} [1]
Chapter 1.
pdfTeX warning (ext4): destination with the same identifier (name{page.2}) has 
been already used, duplicate ignored
<to be read again> 
                   \relax 
l.155 \chapter
              {Process description} [2

]
Chapter 2.
Package acronym Info: Label `acro:RIMS' newly defined as it shall be overridden

although it is yet undefined on input line 167.

<./0.01-100-1 Cherry Pie Brewery P_ID.png, id=630, 1506.62875pt x 1062.97125pt>
File: ./0.01-100-1 Cherry Pie Brewery P_ID.png Graphic file (type png)
<use ./0.01-100-1 Cherry Pie Brewery P_ID.png>
Package pdftex.def Info: ./0.01-100-1 Cherry Pie Brewery P_ID.png used on input
 line 172.
(pdftex.def)             Requested size: 452.9679pt x 319.57506pt.


LaTeX Warning: `!h' float specifier changed to `!ht'.

<./0.01-100-2 Auxiliaries P_ID.png, id=639, 1506.62875pt x 1062.97125pt>
File: ./0.01-100-2 Auxiliaries P_ID.png Graphic file (type png)

<use ./0.01-100-2 Auxiliaries P_ID.png>
Package pdftex.def Info: ./0.01-100-2 Auxiliaries P_ID.png used on input line 1
90.
(pdftex.def)             Requested size: 452.9679pt x 319.57506pt.
 [3

]

LaTeX Warning: `!h' float specifier changed to `!ht'.

[4 <./0.01-100-1 Cherry Pie Brewery P_ID.png>] [5 <./0.01-100-2 Auxiliaries P_I
D.png>]
Chapter 3.
[6

] <./ProcessStep1.png, id=677, 1083.29718pt x 542.025pt>
File: ./ProcessStep1.png Graphic file (type png)

<use ./ProcessStep1.png>
Package pdftex.def Info: ./ProcessStep1.png used on input line 247.
(pdftex.def)             Requested size: 452.9679pt x 226.63992pt.

Overfull \hbox (12.0pt too wide) in paragraph at lines 246--250
[][]
 []

[7 <./ProcessStep1.png>]
<./0.01-101-1 Step 1-1.png, id=698, 1506.62875pt x 1062.97125pt>
File: ./0.01-101-1 Step 1-1.png Graphic file (type png)

<use ./0.01-101-1 Step 1-1.png>
Package pdftex.def Info: ./0.01-101-1 Step 1-1.png used on input line 272.
(pdftex.def)             Requested size: 452.9679pt x 319.57506pt.
 [8 <./0.01-101-1 Step 1-1.png>]
<./0.01-101-2 Step 1-2.png, id=707, 1506.62875pt x 1062.97125pt>
File: ./0.01-101-2 Step 1-2.png Graphic file (type png)

<use ./0.01-101-2 Step 1-2.png>
Package pdftex.def Info: ./0.01-101-2 Step 1-2.png used on input line 298.
(pdftex.def)             Requested size: 452.9679pt x 319.57506pt.
 [9 <./0.01-101-2 Step 1-2.png>]
<./0.01-101-3 Step 1-3.png, id=719, 1506.62875pt x 1062.97125pt>
File: ./0.01-101-3 Step 1-3.png Graphic file (type png)

<use ./0.01-101-3 Step 1-3.png>
Package pdftex.def Info: ./0.01-101-3 Step 1-3.png used on input line 324.
(pdftex.def)             Requested size: 452.9679pt x 319.57506pt.
 [10 <./0.01-101-3 Step 1-3.png>]
<./0.01-101-4 Step 1-4.png, id=730, 1506.62875pt x 1062.97125pt>
File: ./0.01-101-4 Step 1-4.png Graphic file (type png)

<use ./0.01-101-4 Step 1-4.png>
Package pdftex.def Info: ./0.01-101-4 Step 1-4.png used on input line 350.
(pdftex.def)             Requested size: 452.9679pt x 319.57506pt.
 [11 <./0.01-101-4 Step 1-4.png>]
<./0.01-101-5 Step 1-5.png, id=746, 1506.62875pt x 1062.97125pt>
File: ./0.01-101-5 Step 1-5.png Graphic file (type png)

<use ./0.01-101-5 Step 1-5.png>
Package pdftex.def Info: ./0.01-101-5 Step 1-5.png used on input line 376.
(pdftex.def)             Requested size: 452.9679pt x 319.57506pt.
 [12 <./0.01-101-5 Step 1-5.png>]
<./0.01-101-6 Step 1-6.png, id=758, 1506.62875pt x 1062.97125pt>
File: ./0.01-101-6 Step 1-6.png Graphic file (type png)

<use ./0.01-101-6 Step 1-6.png>
Package pdftex.def Info: ./0.01-101-6 Step 1-6.png used on input line 401.
(pdftex.def)             Requested size: 452.9679pt x 319.57506pt.
 [13 <./0.01-101-6 Step 1-6.png>]
<./0.01-101-7 Step 1-7.png, id=766, 1506.62875pt x 1062.97125pt>
File: ./0.01-101-7 Step 1-7.png Graphic file (type png)

<use ./0.01-101-7 Step 1-7.png>
Package pdftex.def Info: ./0.01-101-7 Step 1-7.png used on input line 426.
(pdftex.def)             Requested size: 452.9679pt x 319.57506pt.
 [14 <./0.01-101-7 Step 1-7.png>]
<./0.01-101-8 Step 1-8.png, id=774, 1506.62875pt x 1062.97125pt>
File: ./0.01-101-8 Step 1-8.png Graphic file (type png)

<use ./0.01-101-8 Step 1-8.png>
Package pdftex.def Info: ./0.01-101-8 Step 1-8.png used on input line 451.
(pdftex.def)             Requested size: 452.9679pt x 319.57506pt.
 [15 <./0.01-101-8 Step 1-8.png>]
<./0.01-101-9 Step 1-9.png, id=790, 1506.62875pt x 1062.97125pt>
File: ./0.01-101-9 Step 1-9.png Graphic file (type png)

<use ./0.01-101-9 Step 1-9.png>
Package pdftex.def Info: ./0.01-101-9 Step 1-9.png used on input line 481.
(pdftex.def)             Requested size: 452.9679pt x 319.57506pt.
 [16 <./0.01-101-9 Step 1-9.png>]
<./0.01-101-10 Step 1-10.png, id=799, 1506.62875pt x 1062.97125pt>
File: ./0.01-101-10 Step 1-10.png Graphic file (type png)

<use ./0.01-101-10 Step 1-10.png>
Package pdftex.def Info: ./0.01-101-10 Step 1-10.png used on input line 507.
(pdftex.def)             Requested size: 452.9679pt x 319.57506pt.
 [17 <./0.01-101-10 Step 1-10.png>]
<./0.01-101-11 Step 1-11.png, id=807, 1506.62875pt x 1062.97125pt>
File: ./0.01-101-11 Step 1-11.png Graphic file (type png)

<use ./0.01-101-11 Step 1-11.png>
Package pdftex.def Info: ./0.01-101-11 Step 1-11.png used on input line 533.
(pdftex.def)             Requested size: 452.9679pt x 319.57506pt.
 [18 <./0.01-101-11 Step 1-11.png>]
<./0.01-101-12 Step 1-12.png, id=818, 1506.62875pt x 1062.97125pt>
File: ./0.01-101-12 Step 1-12.png Graphic file (type png)

<use ./0.01-101-12 Step 1-12.png>
Package pdftex.def Info: ./0.01-101-12 Step 1-12.png used on input line 558.
(pdftex.def)             Requested size: 452.9679pt x 319.57506pt.
 [19 <./0.01-101-12 Step 1-12.png>] [20]
<./0.01-102-1 Step 2-1.png, id=838, 1506.62875pt x 1062.97125pt>
File: ./0.01-102-1 Step 2-1.png Graphic file (type png)

<use ./0.01-102-1 Step 2-1.png>
Package pdftex.def Info: ./0.01-102-1 Step 2-1.png used on input line 594.
(pdftex.def)             Requested size: 452.9679pt x 319.57506pt.
 [21 <./0.01-102-1 Step 2-1.png>]
<./0.01-102-2 Step 2-2.png, id=846, 1506.62875pt x 1062.97125pt>
File: ./0.01-102-2 Step 2-2.png Graphic file (type png)

<use ./0.01-102-2 Step 2-2.png>
Package pdftex.def Info: ./0.01-102-2 Step 2-2.png used on input line 616.
(pdftex.def)             Requested size: 452.9679pt x 319.57506pt.
 [22 <./0.01-102-2 Step 2-2.png>]
<./0.01-102-3 Step 2-3.png, id=853, 1506.62875pt x 1062.97125pt>
File: ./0.01-102-3 Step 2-3.png Graphic file (type png)

<use ./0.01-102-3 Step 2-3.png>
Package pdftex.def Info: ./0.01-102-3 Step 2-3.png used on input line 638.
(pdftex.def)             Requested size: 452.9679pt x 319.57506pt.
 [23 <./0.01-102-3 Step 2-3.png>]
<./0.01-102-4 Step 2-4.png, id=860, 1506.62875pt x 1062.97125pt>
File: ./0.01-102-4 Step 2-4.png Graphic file (type png)

<use ./0.01-102-4 Step 2-4.png>
Package pdftex.def Info: ./0.01-102-4 Step 2-4.png used on input line 660.
(pdftex.def)             Requested size: 452.9679pt x 319.57506pt.
 [24 <./0.01-102-4 Step 2-4.png>]
<./0.01-102-5 Step 2-5.png, id=867, 1506.62875pt x 1062.97125pt>
File: ./0.01-102-5 Step 2-5.png Graphic file (type png)

<use ./0.01-102-5 Step 2-5.png>
Package pdftex.def Info: ./0.01-102-5 Step 2-5.png used on input line 683.
(pdftex.def)             Requested size: 452.9679pt x 319.57506pt.
 [25 <./0.01-102-5 Step 2-5.png>]
<./ProcessStep3.png, id=895, 1083.29718pt x 542.025pt>
File: ./ProcessStep3.png Graphic file (type png)

<use ./ProcessStep3.png>
Package pdftex.def Info: ./ProcessStep3.png used on input line 713.
(pdftex.def)             Requested size: 452.9679pt x 226.63992pt.

Overfull \hbox (12.0pt too wide) in paragraph at lines 712--716
[][]
 []

[26 <./ProcessStep3.png>]
<./0.01-103-1 Step 3-1.png, id=914, 1506.62875pt x 1062.97125pt>
File: ./0.01-103-1 Step 3-1.png Graphic file (type png)

<use ./0.01-103-1 Step 3-1.png>
Package pdftex.def Info: ./0.01-103-1 Step 3-1.png used on input line 725.
(pdftex.def)             Requested size: 452.9679pt x 319.57506pt.
 [27 <./0.01-103-1 Step 3-1.png>]
<./0.01-103-2 Step 3-2.png, id=926, 1506.62875pt x 1062.97125pt>
File: ./0.01-103-2 Step 3-2.png Graphic file (type png)

<use ./0.01-103-2 Step 3-2.png>
Package pdftex.def Info: ./0.01-103-2 Step 3-2.png used on input line 735.
(pdftex.def)             Requested size: 452.9679pt x 319.57506pt.
 [28 <./0.01-103-2 Step 3-2.png>]
<./0.01-103-3 Step 3-3.png, id=937, 1506.62875pt x 1062.97125pt>
File: ./0.01-103-3 Step 3-3.png Graphic file (type png)

<use ./0.01-103-3 Step 3-3.png>
Package pdftex.def Info: ./0.01-103-3 Step 3-3.png used on input line 746.
(pdftex.def)             Requested size: 452.9679pt x 319.57506pt.
 [29 <./0.01-103-3 Step 3-3.png>]
<./0.01-103-4 Step 3-4.png, id=949, 1506.62875pt x 1062.97125pt>
File: ./0.01-103-4 Step 3-4.png Graphic file (type png)

<use ./0.01-103-4 Step 3-4.png>
Package pdftex.def Info: ./0.01-103-4 Step 3-4.png used on input line 756.
(pdftex.def)             Requested size: 452.9679pt x 319.57506pt.
 [30 <./0.01-103-4 Step 3-4.png>]
<./0.01-103-5 Step 3-5.png, id=961, 1506.62875pt x 1062.97125pt>
File: ./0.01-103-5 Step 3-5.png Graphic file (type png)

<use ./0.01-103-5 Step 3-5.png>
Package pdftex.def Info: ./0.01-103-5 Step 3-5.png used on input line 766.
(pdftex.def)             Requested size: 452.9679pt x 319.57506pt.
 [31 <./0.01-103-5 Step 3-5.png>]
<./0.01-103-6 Step 3-6.png, id=975, 1506.62875pt x 1062.97125pt>
File: ./0.01-103-6 Step 3-6.png Graphic file (type png)

<use ./0.01-103-6 Step 3-6.png>
Package pdftex.def Info: ./0.01-103-6 Step 3-6.png used on input line 776.
(pdftex.def)             Requested size: 452.9679pt x 319.57506pt.
 [32 <./0.01-103-6 Step 3-6.png>]
<./0.01-103-7 Step 3-7.png, id=987, 1506.62875pt x 1062.97125pt>
File: ./0.01-103-7 Step 3-7.png Graphic file (type png)

<use ./0.01-103-7 Step 3-7.png>
Package pdftex.def Info: ./0.01-103-7 Step 3-7.png used on input line 786.
(pdftex.def)             Requested size: 452.9679pt x 319.57506pt.
 [33 <./0.01-103-7 Step 3-7.png>]
<./0.01-103-8 Step 3-8.png, id=997, 1506.62875pt x 1062.97125pt>
File: ./0.01-103-8 Step 3-8.png Graphic file (type png)

<use ./0.01-103-8 Step 3-8.png>
Package pdftex.def Info: ./0.01-103-8 Step 3-8.png used on input line 796.
(pdftex.def)             Requested size: 452.9679pt x 319.57506pt.
 [34 <./0.01-103-8 Step 3-8.png>]
<./0.01-103-9 Step 3-9.png, id=1007, 1506.62875pt x 1062.97125pt>
File: ./0.01-103-9 Step 3-9.png Graphic file (type png)

<use ./0.01-103-9 Step 3-9.png>
Package pdftex.def Info: ./0.01-103-9 Step 3-9.png used on input line 806.
(pdftex.def)             Requested size: 452.9679pt x 319.57506pt.
 [35 <./0.01-103-9 Step 3-9.png>]
<./0.01-103-10 Step 3-10.png, id=1014, 1506.62875pt x 1062.97125pt>
File: ./0.01-103-10 Step 3-10.png Graphic file (type png)

<use ./0.01-103-10 Step 3-10.png>
Package pdftex.def Info: ./0.01-103-10 Step 3-10.png used on input line 816.
(pdftex.def)             Requested size: 452.9679pt x 319.57506pt.
 [36 <./0.01-103-10 Step 3-10.png>]
<./0.01-103-11 Step 3-11.png, id=1021, 1506.62875pt x 1062.97125pt>
File: ./0.01-103-11 Step 3-11.png Graphic file (type png)

<use ./0.01-103-11 Step 3-11.png>
Package pdftex.def Info: ./0.01-103-11 Step 3-11.png used on input line 828.
(pdftex.def)             Requested size: 452.9679pt x 319.57506pt.
 [37 <./0.01-103-11 Step 3-11.png>]
Chapter 4.
<./0.01-104-1 Mechanical overview.png, id=1029, 1506.62875pt x 1062.97125pt>
File: ./0.01-104-1 Mechanical overview.png Graphic file (type png)

<use ./0.01-104-1 Mechanical overview.png>
Package pdftex.def Info: ./0.01-104-1 Mechanical overview.png used on input lin
e 844.
(pdftex.def)             Requested size: 452.9679pt x 319.57506pt.
Package acronym Info: Label `acro:HDPE' newly defined as it shall be overridden

although it is yet undefined on input line 849.
Package acronym Info: Label `acro:SS' newly defined as it shall be overridden
although it is yet undefined on input line 849.
 [38

 <./0.01-104-1 Mechanical overview.png>] [39]
<./0.01-104-2 Control valve.png, id=1051, 1506.62875pt x 1062.97125pt>
File: ./0.01-104-2 Control valve.png Graphic file (type png)

<use ./0.01-104-2 Control valve.png>
Package pdftex.def Info: ./0.01-104-2 Control valve.png used on input line 870.

(pdftex.def)             Requested size: 452.9679pt x 319.57506pt.
 [40 <./0.01-104-2 Control valve.png>]
<./0.01-104-3 Temperature probe.png, id=1058, 1506.62875pt x 1062.97125pt>
File: ./0.01-104-3 Temperature probe.png Graphic file (type png)

<use ./0.01-104-3 Temperature probe.png>
Package pdftex.def Info: ./0.01-104-3 Temperature probe.png used on input line 
886.
(pdftex.def)             Requested size: 452.9679pt x 319.57506pt.
 [41 <./0.01-104-3 Temperature probe.png>] <./0.01-104-4 Vessel fittings.png, i
d=1065, 1506.62875pt x 1062.97125pt>
File: ./0.01-104-4 Vessel fittings.png Graphic file (type png)

<use ./0.01-104-4 Vessel fittings.png>
Package pdftex.def Info: ./0.01-104-4 Vessel fittings.png used on input line 90
2.
(pdftex.def)             Requested size: 452.9679pt x 319.57506pt.
 [42 <./0.01-104-4 Vessel fittings.png>]
<./Chugger.png, id=1073, 414.79968pt x 273.27094pt>
File: ./Chugger.png Graphic file (type png)
 <use ./Chugger.png>
Package pdftex.def Info: ./Chugger.png used on input line 918.
(pdftex.def)             Requested size: 452.9679pt x 298.42648pt.

[43 <./Chugger.png>] [44]
Chapter 5.
[45

]
<./0.01-105-1 Electrical overview.png, id=1093, 1506.62875pt x 1062.97125pt>
File: ./0.01-105-1 Electrical overview.png Graphic file (type png)

<use ./0.01-105-1 Electrical overview.png>
Package pdftex.def Info: ./0.01-105-1 Electrical overview.png used on input lin
e 946.
(pdftex.def)             Requested size: 452.9679pt x 319.57506pt.
Package acronym Info: Label `acro:GFI' newly defined as it shall be overridden
although it is yet undefined on input line 955.
Package acronym Info: Label `acro:DC' newly defined as it shall be overridden
although it is yet undefined on input line 956.
Package acronym Info: Label `acro:SSR' newly defined as it shall be overridden
although it is yet undefined on input line 957.
 [46 <./0.01-105-1 Electrical overview.png>]
Underfull \hbox (badness 5490) in paragraph at lines 995--995
[]|\OT1/cmr/m/n/12 ``An open-source elec-tron-ics plat-form
 []

Package acronym Info: Label `acro:GPIO' newly defined as it shall be overridden

although it is yet undefined on input line 1006.
[47]
LaTeX Font Info:    Try loading font information for OMS+cmr on input line 1017
.
 (/usr/share/texlive/texmf-dist/tex/latex/base/omscmr.fd
File: omscmr.fd 1999/05/25 v2.5h Standard LaTeX font definitions
)
LaTeX Font Info:    Font shape `OMS/cmr/m/n' in size <12> not available
(Font)              Font shape `OMS/cmsy/m/n' tried instead on input line 1017.


Overfull \hbox (26.27618pt too wide) in paragraph at lines 1011--1036
 [][] 
 []

[48] <./modelb+.png, id=1160, 490.83376pt x 437.38406pt>
File: ./modelb+.png Graphic file (type png)
 <use ./modelb+.png>
Package pdftex.def Info: ./modelb+.png used on input line 1045.
(pdftex.def)             Requested size: 452.9679pt x 403.65291pt.

[49 <./modelb+.png>]
Package acronym Info: Label `acro:AC' newly defined as it shall be overridden
although it is yet undefined on input line 1056.
 [50] [51]
<./0.01-105-2 Circuit board.png, id=1192, 1506.62875pt x 1062.97125pt>
File: ./0.01-105-2 Circuit board.png Graphic file (type png)

<use ./0.01-105-2 Circuit board.png>
Package pdftex.def Info: ./0.01-105-2 Circuit board.png used on input line 1117
.
(pdftex.def)             Requested size: 452.9679pt x 319.57506pt.
 [52 <./0.01-105-2 Circuit board.png>]
<./0.01-105-3 Control box.png, id=1198, 1506.62875pt x 1062.97125pt>
File: ./0.01-105-3 Control box.png Graphic file (type png)

<use ./0.01-105-3 Control box.png>
Package pdftex.def Info: ./0.01-105-3 Control box.png used on input line 1127.
(pdftex.def)             Requested size: 452.9679pt x 319.57506pt.
 [53 <./0.01-105-3 Control box.png>]
Chapter 6.
Package acronym Info: Label `acro:SSL' newly defined as it shall be overridden
although it is yet undefined on input line 1142.
Package acronym Info: Label `acro:VNC' newly defined as it shall be overridden
although it is yet undefined on input line 1142.
Package acronym Info: Label `acro:IP' newly defined as it shall be overridden
although it is yet undefined on input line 1148.
Package acronym Info: Label `acro:PLC' newly defined as it shall be overridden
although it is yet undefined on input line 1155.
[54

]
Package acronym Info: Label `acro:BIAB' newly defined as it shall be overridden

although it is yet undefined on input line 1168.

Overfull \hbox (3.28401pt too wide) in paragraph at lines 1190--1190
[]|\OT1/cmr/m/n/12 OpenSprinkler
 []


Underfull \hbox (badness 10000) in paragraph at lines 1190--1191
[]|[]\OT1/cmr/m/n/12 OpenSprinkler Pi[]
 []

[55] <./control_panel.png, id=1265, 895.09406pt x 448.67625pt>
File: ./control_panel.png Graphic file (type png)

<use ./control_panel.png>
Package pdftex.def Info: ./control_panel.png used on input line 1205.
(pdftex.def)             Requested size: 452.9679pt x 227.06238pt.
 [56 <./control_panel.png>]
Chapter 7.
[57

]
Chapter 8.
Package acronym Info: Label `acro:MPC' newly defined as it shall be overridden
although it is yet undefined on input line 1253.
Package acronym Info: Label `acro:IMC' newly defined as it shall be overridden
although it is yet undefined on input line 1253.
(./Micro-brewery control strategy for the Raspberry Pi using a HERMS.bbl
[58

]
Chapter 9.

Underfull \hbox (badness 3471) in paragraph at lines 15--20
[]\OT1/cmr/m/n/12 BrewBot.  Brew-bot, 2014.  URL []$https : / / www . kickstart
er . com / projects / cargo /
 []


Underfull \hbox (badness 1616) in paragraph at lines 58--63
[]\OT1/cmr/m/n/12 Olimex.  Olin-ux-ino, 2014.  URL []$https : / / www . olimex 
. com / Products / OLinuXino /
 []

[59

]
Underfull \hbox (badness 10000) in paragraph at lines 107--111
[]\OT1/cmr/m/n/12 SolidRun.  Cubox-i, 2014.  URL []$http : / / www . solid-[]ru
n . com / products /
 []


Underfull \hbox (badness 2005) in paragraph at lines 124--128
[]\OT1/cmr/m/n/12 The Elec-tric Brew-ery.  Brew day: Step by step, 2014.  URL [
]$http : / / www .
 []

)
Package atveryend Info: Empty hook `BeforeClearDocument' on input line 1272.
 [60]
Package atveryend Info: Empty hook `AfterLastShipout' on input line 1272.
 (./Micro-brewery control strategy for the Raspberry Pi using a HERMS.aux)
Package atveryend Info: Executing hook `AtVeryEndDocument' on input line 1272.
Package atveryend Info: Executing hook `AtEndAfterFileList' on input line 1272.

Package rerunfilecheck Info: File `"Micro-brewery control strategy for the Rasp
berry Pi using a HERMS".out' has not changed.
(rerunfilecheck)             Checksum: 7798E4A007DFA3248E8896213ACACE06;4686.
Package atveryend Info: Empty hook `AtVeryVeryEnd' on input line 1272.
 ) 
Here is how much of TeX's memory you used:
 17266 strings out of 495028
 330359 string characters out of 6181497
 358214 words of memory out of 5000000
 19884 multiletter control sequences out of 15000+600000
 14181 words of font info for 54 fonts, out of 8000000 for 9000
 14 hyphenation exceptions out of 8191
 39i,15n,38p,10480b,947s stack positions out of 5000i,500n,10000p,200000b,80000s
</usr/share/texlive/texmf-dist/fonts/type1/public/amsfonts/cm/cmbx12.pfb></us
r/share/texlive/texmf-dist/fonts/type1/public/amsfonts/cm/cmmi12.pfb></usr/shar
e/texlive/texmf-dist/fonts/type1/public/amsfonts/cm/cmmi8.pfb></usr/share/texli
ve/texmf-dist/fonts/type1/public/amsfonts/cm/cmr12.pfb></usr/share/texlive/texm
f-dist/fonts/type1/public/amsfonts/cm/cmr8.pfb></usr/share/texlive/texmf-dist/f
onts/type1/public/amsfonts/cm/cmssbx10.pfb></usr/share/texlive/texmf-dist/fonts
/type1/public/amsfonts/cm/cmsy10.pfb></usr/share/texlive/texmf-dist/fonts/type1
/public/amsfonts/cm/cmsy8.pfb></usr/share/texlive/texmf-dist/fonts/type1/public
/amsfonts/cm/cmti12.pfb>
Output written on "Micro-brewery control strategy for the Raspberry Pi using a 
HERMS.pdf" (70 pages, 4522285 bytes).
PDF statistics:
 1440 PDF objects out of 1440 (max. 8388607)
 1270 compressed objects within 13 object streams
 340 named destinations out of 1000 (max. 500000)
 800 words of extra memory for PDF output out of 10000 (max. 10000000)

